{"correlationId":"25e60405-5e2a-43e7-a949-81739b984364","environment":"development","hostname":"751a39de30ff","level":"\u001b[32minfo\u001b[39m","message":"Logger initialized","pid":79347,"service":"sentia-manufacturing","timestamp":"2025-09-21 04:38:02","transports":["console","dailyRotateFile","dailyRotateFile",null,null],"version":"1.0.5"}
{"correlationId":"7a3c48c4-d999-44d2-ba25-c310f27ab983","hostname":"751a39de30ff","level":"\u001b[32minfo\u001b[39m","message":"Starting Sentia Manufacturing Dashboard - Enterprise Edition","pid":79347,"port":5000,"render":false,"service":"sentia-manufacturing","timestamp":"2025-09-21 04:38:03","version":"1.0.5"}
{"correlationId":"eb46f152-4dc3-4a4d-b7ff-c273f269f489","environment":"development","hostname":"751a39de30ff","level":"\u001b[32minfo\u001b[39m","message":"Rate limiting middleware applied","pid":79347,"service":"sentia-manufacturing","timestamp":"2025-09-21 04:38:03","version":"1.0.5"}
{"correlationId":"9812db5e-b394-47c7-a011-252994284966","environment":"development","hostname":"751a39de30ff","level":"\u001b[32minfo\u001b[39m","message":"Cache middleware applied","pid":79347,"service":"sentia-manufacturing","timestamp":"2025-09-21 04:38:03","version":"1.0.5"}
{"correlationId":"30ad9c5a-e0a8-4e03-8602-81c95150a7bd","environment":"development","hostname":"751a39de30ff","level":"\u001b[32minfo\u001b[39m","message":"✅ Enterprise health endpoint created","pid":79347,"service":"sentia-manufacturing","timestamp":"2025-09-21 04:38:03","version":"1.0.5"}
{"correlationId":"2c76f1b6-6973-47b2-bdee-d79ab660dc5b","environment":"development","hostname":"751a39de30ff","level":"\u001b[32minfo\u001b[39m","message":"✅ Metrics endpoint created","pid":79347,"service":"sentia-manufacturing","timestamp":"2025-09-21 04:38:03","version":"1.0.5"}
{"correlationId":"51572c5f-01c6-413b-983f-6269ff06ecec","hostname":"751a39de30ff","level":"\u001b[32minfo\u001b[39m","message":"Initializing Enterprise Services","pid":79347,"service":"sentia-manufacturing","timestamp":"2025-09-21 04:38:03","version":"1.0.5"}
{"correlationId":"59d6d741-6f6c-4ebc-83ff-75fb3e1e6246","environment":"development","hostname":"751a39de30ff","level":"\u001b[32minfo\u001b[39m","message":"Cache manager initialized","pid":79347,"service":"sentia-manufacturing","timestamp":"2025-09-21 04:38:03","version":"1.0.5"}
{"correlationId":"c1233d18-3227-4fba-8b57-78c59e3e3abe","environment":"development","hostname":"751a39de30ff","level":"\u001b[32minfo\u001b[39m","message":"✅ Cache manager initialized","pid":79347,"service":"sentia-manufacturing","timestamp":"2025-09-21 04:38:03","version":"1.0.5"}
{"correlationId":"41097583-6e36-45d3-a320-ebf86f2ab61d","environment":"development","hostname":"751a39de30ff","level":"\u001b[32minfo\u001b[39m","message":"Rate limiter initialized","pid":79347,"service":"sentia-manufacturing","timestamp":"2025-09-21 04:38:03","version":"1.0.5"}
{"correlationId":"e92e58fb-9f3e-4f91-b5ec-0cf049d98d5d","environment":"development","hostname":"751a39de30ff","level":"\u001b[32minfo\u001b[39m","message":"✅ Rate limiter initialized","pid":79347,"service":"sentia-manufacturing","timestamp":"2025-09-21 04:38:03","version":"1.0.5"}
{"correlationId":"fc314fdd-fc26-43b4-809e-da3307ab09a5","environment":"development","hostname":"751a39de30ff","level":"\u001b[32minfo\u001b[39m","message":"Feature flags initialized","pid":79347,"service":"sentia-manufacturing","timestamp":"2025-09-21 04:38:03","version":"1.0.5"}
{"correlationId":"8cb8c99d-6a03-4f75-ac3d-868082affa7e","environment":"development","hostname":"751a39de30ff","level":"\u001b[32minfo\u001b[39m","message":"Performance monitoring started","pid":79347,"service":"sentia-manufacturing","timestamp":"2025-09-21 04:38:03","version":"1.0.5"}
{"correlationId":"78e7b665-5d3d-4ada-aeb3-a885b077e71d","environment":"development","hostname":"751a39de30ff","level":"\u001b[32minfo\u001b[39m","message":"All enterprise services initialized successfully","pid":79347,"service":"sentia-manufacturing","timestamp":"2025-09-21 04:38:03","version":"1.0.5"}
{"correlationId":"39a3384c-4e64-4ae7-8350-50e3142f58a9","environment":"development","hostname":"751a39de30ff","level":"\u001b[32minfo\u001b[39m","message":"✅ Feature flags initialized","pid":79347,"service":"sentia-manufacturing","timestamp":"2025-09-21 04:38:03","version":"1.0.5"}
{"correlationId":"b426eed2-0db9-4d4e-bf82-601d899a1e85","environment":"development","hostname":"751a39de30ff","level":"\u001b[32minfo\u001b[39m","message":"✅ Performance monitoring started","pid":79347,"service":"sentia-manufacturing","timestamp":"2025-09-21 04:38:03","version":"1.0.5"}
{"correlationId":"bc34b5e1-0dc3-4e16-9a39-6ee2624019f5","environment":"development","failed":[],"hostname":"751a39de30ff","initialized":["cache","rateLimiter","featureFlags","performanceMonitor"],"level":"\u001b[32minfo\u001b[39m","message":"Enterprise services initialization complete","pid":79347,"service":"sentia-manufacturing","timestamp":"2025-09-21 04:38:03","version":"1.0.5"}
{"correlationId":"c9b2af98-14d2-4cc7-9076-2f7546563d86","environment":"development","hostname":"751a39de30ff","level":"\u001b[32minfo\u001b[39m","message":"Applying enterprise middleware","pid":79347,"service":"sentia-manufacturing","timestamp":"2025-09-21 04:38:03","version":"1.0.5"}
{"correlationId":"eb69ec2a-11ad-496e-93ee-5ac9901c25cb","environment":"development","hostname":"751a39de30ff","level":"\u001b[32minfo\u001b[39m","message":"✅ Request logging middleware applied","pid":79347,"service":"sentia-manufacturing","timestamp":"2025-09-21 04:38:03","version":"1.0.5"}
{"correlationId":"5c815c2c-6bd9-4a08-899b-214d766381e4","environment":"development","hostname":"751a39de30ff","level":"\u001b[32minfo\u001b[39m","message":"✅ Performance tracking middleware applied","pid":79347,"service":"sentia-manufacturing","timestamp":"2025-09-21 04:38:03","version":"1.0.5"}
{"correlationId":"a5b8ce72-4610-4e62-a252-6dc58ef258dd","environment":"development","hostname":"751a39de30ff","level":"\u001b[32minfo\u001b[39m","message":"✅ API rate limiting applied","pid":79347,"service":"sentia-manufacturing","timestamp":"2025-09-21 04:38:03","version":"1.0.5"}
{"correlationId":"ba22f71b-901e-4aa5-8d43-878396288b1b","environment":"development","hostname":"751a39de30ff","level":"\u001b[32minfo\u001b[39m","message":"✅ Auth rate limiting applied","pid":79347,"service":"sentia-manufacturing","timestamp":"2025-09-21 04:38:03","version":"1.0.5"}
{"correlationId":"ac76e580-876b-41c4-8759-94517fac50d7","environment":"development","hostname":"751a39de30ff","level":"\u001b[32minfo\u001b[39m","message":"✅ Cache middleware applied","pid":79347,"service":"sentia-manufacturing","timestamp":"2025-09-21 04:38:03","version":"1.0.5"}
{"correlationId":"c77af543-9e81-4dd7-91aa-fa21784c84ad","environment":"development","hostname":"751a39de30ff","level":"\u001b[32minfo\u001b[39m","message":"✅ Error logging middleware applied","pid":79347,"service":"sentia-manufacturing","timestamp":"2025-09-21 04:38:03","version":"1.0.5"}
{"correlationId":"57fcf5b3-0543-4c7d-bb6e-2453d84a6d74","environment":"development","hostname":"751a39de30ff","level":"\u001b[32minfo\u001b[39m","message":"All enterprise middleware applied successfully","pid":79347,"service":"sentia-manufacturing","timestamp":"2025-09-21 04:38:03","version":"1.0.5"}
{"correlationId":"742ec6c9-d789-433c-80b1-9997800083e7","environment":"development","hostname":"751a39de30ff","level":"\u001b[32minfo\u001b[39m","message":"Shutting down enterprise services","pid":79347,"service":"sentia-manufacturing","timestamp":"2025-09-21 04:38:15","version":"1.0.5"}
{"correlationId":"f0926277-6975-4b4b-b634-584589a89b81","environment":"development","hostname":"751a39de30ff","level":"\u001b[32minfo\u001b[39m","message":"Logger initialized","pid":79555,"service":"sentia-manufacturing","timestamp":"2025-09-21 04:38:22","transports":["console","dailyRotateFile","dailyRotateFile",null,null],"version":"1.0.0"}
{"correlationId":"d8a65f3a-edf5-438b-a703-18a87d53a709","hostname":"751a39de30ff","level":"\u001b[32minfo\u001b[39m","message":"Starting Sentia Manufacturing Dashboard - Enterprise Edition","pid":79555,"port":5000,"render":false,"service":"sentia-manufacturing","timestamp":"2025-09-21 04:38:23","version":"1.0.0"}
{"correlationId":"3dc4dad6-719a-4722-86cc-f785c74343e3","environment":"development","hostname":"751a39de30ff","level":"\u001b[32minfo\u001b[39m","message":"Rate limiting middleware applied","pid":79555,"service":"sentia-manufacturing","timestamp":"2025-09-21 04:38:23","version":"1.0.0"}
{"correlationId":"bc839172-17b9-4ff1-afb5-d32cb1d0631f","environment":"development","hostname":"751a39de30ff","level":"\u001b[32minfo\u001b[39m","message":"Cache middleware applied","pid":79555,"service":"sentia-manufacturing","timestamp":"2025-09-21 04:38:23","version":"1.0.0"}
{"correlationId":"f06bc157-7779-4916-9ce8-285d520a6a82","environment":"development","hostname":"751a39de30ff","level":"\u001b[32minfo\u001b[39m","message":"✅ Enterprise health endpoint created","pid":79555,"service":"sentia-manufacturing","timestamp":"2025-09-21 04:38:23","version":"1.0.0"}
{"correlationId":"468b9cdf-ef20-441e-a7e7-df2a6af3dcbf","environment":"development","hostname":"751a39de30ff","level":"\u001b[32minfo\u001b[39m","message":"✅ Metrics endpoint created","pid":79555,"service":"sentia-manufacturing","timestamp":"2025-09-21 04:38:23","version":"1.0.0"}
{"correlationId":"01af8a5a-9416-4054-ab0c-3dcb80bef976","hostname":"751a39de30ff","level":"\u001b[32minfo\u001b[39m","message":"Initializing Enterprise Services","pid":79555,"service":"sentia-manufacturing","timestamp":"2025-09-21 04:38:23","version":"1.0.0"}
{"correlationId":"3a760281-68bf-475f-9c61-891d4f992d6e","environment":"development","hostname":"751a39de30ff","level":"\u001b[32minfo\u001b[39m","message":"Cache manager initialized","pid":79555,"service":"sentia-manufacturing","timestamp":"2025-09-21 04:38:23","version":"1.0.0"}
{"correlationId":"5a80eea8-4b73-4b15-a6c5-700ac4ae2ca8","environment":"development","hostname":"751a39de30ff","level":"\u001b[32minfo\u001b[39m","message":"✅ Cache manager initialized","pid":79555,"service":"sentia-manufacturing","timestamp":"2025-09-21 04:38:23","version":"1.0.0"}
{"correlationId":"9aa16095-2b4c-4cc7-ad54-776da351e21a","environment":"development","hostname":"751a39de30ff","level":"\u001b[32minfo\u001b[39m","message":"Rate limiter initialized","pid":79555,"service":"sentia-manufacturing","timestamp":"2025-09-21 04:38:23","version":"1.0.0"}
{"correlationId":"660091c3-fe24-4f7f-9a16-3611392057f3","environment":"development","hostname":"751a39de30ff","level":"\u001b[32minfo\u001b[39m","message":"✅ Rate limiter initialized","pid":79555,"service":"sentia-manufacturing","timestamp":"2025-09-21 04:38:23","version":"1.0.0"}
{"correlationId":"0b43121f-8f17-446c-a052-c8c6fa97021f","environment":"development","hostname":"751a39de30ff","level":"\u001b[32minfo\u001b[39m","message":"Feature flags initialized","pid":79555,"service":"sentia-manufacturing","timestamp":"2025-09-21 04:38:23","version":"1.0.0"}
{"correlationId":"7f0575a9-fd24-4a33-86c3-eba1fe8c9a8b","environment":"development","hostname":"751a39de30ff","level":"\u001b[32minfo\u001b[39m","message":"Performance monitoring started","pid":79555,"service":"sentia-manufacturing","timestamp":"2025-09-21 04:38:23","version":"1.0.0"}
{"correlationId":"013e24eb-749b-4508-a848-8dbbbbbb103a","environment":"development","hostname":"751a39de30ff","level":"\u001b[32minfo\u001b[39m","message":"All enterprise services initialized successfully","pid":79555,"service":"sentia-manufacturing","timestamp":"2025-09-21 04:38:23","version":"1.0.0"}
{"correlationId":"3538d025-8c18-4113-864f-baa6691c09c2","environment":"development","hostname":"751a39de30ff","level":"\u001b[32minfo\u001b[39m","message":"✅ Feature flags initialized","pid":79555,"service":"sentia-manufacturing","timestamp":"2025-09-21 04:38:23","version":"1.0.0"}
{"correlationId":"2d03b4d6-f494-44a1-9855-176ff2d2ae7b","environment":"development","hostname":"751a39de30ff","level":"\u001b[32minfo\u001b[39m","message":"✅ Performance monitoring started","pid":79555,"service":"sentia-manufacturing","timestamp":"2025-09-21 04:38:23","version":"1.0.0"}
{"correlationId":"3707b640-abc0-4a7e-8745-7dda33eaeedb","environment":"development","failed":[],"hostname":"751a39de30ff","initialized":["cache","rateLimiter","featureFlags","performanceMonitor"],"level":"\u001b[32minfo\u001b[39m","message":"Enterprise services initialization complete","pid":79555,"service":"sentia-manufacturing","timestamp":"2025-09-21 04:38:23","version":"1.0.0"}
{"correlationId":"b4179058-46ad-4c0a-917a-3b50905ef376","environment":"development","hostname":"751a39de30ff","level":"\u001b[32minfo\u001b[39m","message":"Applying enterprise middleware","pid":79555,"service":"sentia-manufacturing","timestamp":"2025-09-21 04:38:23","version":"1.0.0"}
{"correlationId":"755026f3-e4cb-43b5-841d-1b2fd612a238","environment":"development","hostname":"751a39de30ff","level":"\u001b[32minfo\u001b[39m","message":"✅ Request logging middleware applied","pid":79555,"service":"sentia-manufacturing","timestamp":"2025-09-21 04:38:23","version":"1.0.0"}
{"correlationId":"eed0d219-d9c6-4af4-877c-ef39f43b2beb","environment":"development","hostname":"751a39de30ff","level":"\u001b[32minfo\u001b[39m","message":"✅ Performance tracking middleware applied","pid":79555,"service":"sentia-manufacturing","timestamp":"2025-09-21 04:38:23","version":"1.0.0"}
{"correlationId":"f2bbf107-dddc-4872-843d-17a35af4b3b9","environment":"development","hostname":"751a39de30ff","level":"\u001b[32minfo\u001b[39m","message":"✅ API rate limiting applied","pid":79555,"service":"sentia-manufacturing","timestamp":"2025-09-21 04:38:23","version":"1.0.0"}
{"correlationId":"7ddac69e-218c-481f-88ed-68126b9ad53b","environment":"development","hostname":"751a39de30ff","level":"\u001b[32minfo\u001b[39m","message":"✅ Auth rate limiting applied","pid":79555,"service":"sentia-manufacturing","timestamp":"2025-09-21 04:38:23","version":"1.0.0"}
{"correlationId":"b6039a84-b62f-437d-9a81-f815aace235a","environment":"development","hostname":"751a39de30ff","level":"\u001b[32minfo\u001b[39m","message":"✅ Cache middleware applied","pid":79555,"service":"sentia-manufacturing","timestamp":"2025-09-21 04:38:23","version":"1.0.0"}
{"correlationId":"60c7f6b9-1d6d-41b3-839d-dc0d9d4d702e","environment":"development","hostname":"751a39de30ff","level":"\u001b[32minfo\u001b[39m","message":"✅ Error logging middleware applied","pid":79555,"service":"sentia-manufacturing","timestamp":"2025-09-21 04:38:23","version":"1.0.0"}
{"correlationId":"f0b621aa-e624-41ea-9ce2-da34e94ec4f7","environment":"development","hostname":"751a39de30ff","level":"\u001b[32minfo\u001b[39m","message":"All enterprise middleware applied successfully","pid":79555,"service":"sentia-manufacturing","timestamp":"2025-09-21 04:38:23","version":"1.0.0"}
{"correlationId":"e7f70ac3-a0a5-4dff-832a-bc6357f485ff","environment":"development","hostname":"751a39de30ff","level":"\u001b[32minfo\u001b[39m","message":"Logger initialized","pid":83734,"service":"sentia-manufacturing","timestamp":"2025-09-21 05:05:56","transports":["console","dailyRotateFile","dailyRotateFile",null,null],"version":"1.0.5"}
{"correlationId":"6653ef72-cfb7-4173-8700-6857bea5ebf9","hostname":"751a39de30ff","level":"\u001b[32minfo\u001b[39m","message":"Starting Sentia Manufacturing Dashboard - Enterprise Edition","pid":83734,"port":5000,"render":false,"service":"sentia-manufacturing","timestamp":"2025-09-21 05:05:56","version":"1.0.5"}
{"correlationId":"243febfc-4916-4443-84dc-accba356cc60","environment":"development","hostname":"751a39de30ff","level":"\u001b[32minfo\u001b[39m","message":"Rate limiting middleware applied","pid":83734,"service":"sentia-manufacturing","timestamp":"2025-09-21 05:05:56","version":"1.0.5"}
{"correlationId":"23f697dd-474e-4555-a280-6f02ff21f686","environment":"development","hostname":"751a39de30ff","level":"\u001b[32minfo\u001b[39m","message":"Cache middleware applied","pid":83734,"service":"sentia-manufacturing","timestamp":"2025-09-21 05:05:56","version":"1.0.5"}
{"correlationId":"30ee5c70-af05-4f23-b2d2-005f85c26cf5","environment":"development","hostname":"751a39de30ff","level":"\u001b[32minfo\u001b[39m","message":"✅ Enterprise health endpoint created","pid":83734,"service":"sentia-manufacturing","timestamp":"2025-09-21 05:05:56","version":"1.0.5"}
{"correlationId":"d5fbc3e1-19ad-4896-b744-0202e7e71ec3","environment":"development","hostname":"751a39de30ff","level":"\u001b[32minfo\u001b[39m","message":"✅ Metrics endpoint created","pid":83734,"service":"sentia-manufacturing","timestamp":"2025-09-21 05:05:56","version":"1.0.5"}
{"correlationId":"ac0272ac-6945-4d4c-becf-68ac93d842dc","hostname":"751a39de30ff","level":"\u001b[32minfo\u001b[39m","message":"Initializing Enterprise Services","pid":83734,"service":"sentia-manufacturing","timestamp":"2025-09-21 05:05:56","version":"1.0.5"}
{"correlationId":"d4ebdac5-214d-438b-b5c7-f13ee594097a","environment":"development","hostname":"751a39de30ff","level":"\u001b[32minfo\u001b[39m","message":"Cache manager initialized","pid":83734,"service":"sentia-manufacturing","timestamp":"2025-09-21 05:05:56","version":"1.0.5"}
{"correlationId":"c4b2f69c-97d5-46c9-b753-50129f40a55f","environment":"development","hostname":"751a39de30ff","level":"\u001b[32minfo\u001b[39m","message":"✅ Cache manager initialized","pid":83734,"service":"sentia-manufacturing","timestamp":"2025-09-21 05:05:56","version":"1.0.5"}
{"correlationId":"9b843cd5-b804-425b-b83c-7c2e53ad7434","environment":"development","hostname":"751a39de30ff","level":"\u001b[32minfo\u001b[39m","message":"Rate limiter initialized","pid":83734,"service":"sentia-manufacturing","timestamp":"2025-09-21 05:05:56","version":"1.0.5"}
{"correlationId":"6e08e6e2-f9d0-4b38-9b75-007ea22268b4","environment":"development","hostname":"751a39de30ff","level":"\u001b[32minfo\u001b[39m","message":"✅ Rate limiter initialized","pid":83734,"service":"sentia-manufacturing","timestamp":"2025-09-21 05:05:56","version":"1.0.5"}
{"correlationId":"eee1e6fa-42d4-4839-9e89-d0875b690236","environment":"development","hostname":"751a39de30ff","level":"\u001b[32minfo\u001b[39m","message":"Feature flags initialized","pid":83734,"service":"sentia-manufacturing","timestamp":"2025-09-21 05:05:56","version":"1.0.5"}
{"correlationId":"e3949b55-a175-46fc-b0f0-e1837f7eb082","environment":"development","hostname":"751a39de30ff","level":"\u001b[32minfo\u001b[39m","message":"Performance monitoring started","pid":83734,"service":"sentia-manufacturing","timestamp":"2025-09-21 05:05:56","version":"1.0.5"}
{"correlationId":"bc1ff160-7774-43d2-83b7-5b742c80725e","environment":"development","hostname":"751a39de30ff","level":"\u001b[32minfo\u001b[39m","message":"All enterprise services initialized successfully","pid":83734,"service":"sentia-manufacturing","timestamp":"2025-09-21 05:05:56","version":"1.0.5"}
{"correlationId":"9cfa4c0f-ef00-4abb-acd6-b1ae307b65eb","environment":"development","hostname":"751a39de30ff","level":"\u001b[32minfo\u001b[39m","message":"✅ Feature flags initialized","pid":83734,"service":"sentia-manufacturing","timestamp":"2025-09-21 05:05:56","version":"1.0.5"}
{"correlationId":"f407e7ff-f859-4c20-9662-215be7349950","environment":"development","hostname":"751a39de30ff","level":"\u001b[32minfo\u001b[39m","message":"✅ Performance monitoring started","pid":83734,"service":"sentia-manufacturing","timestamp":"2025-09-21 05:05:56","version":"1.0.5"}
{"correlationId":"9c7fe194-4a22-46da-9b78-3a2b27e20960","environment":"development","failed":[],"hostname":"751a39de30ff","initialized":["cache","rateLimiter","featureFlags","performanceMonitor"],"level":"\u001b[32minfo\u001b[39m","message":"Enterprise services initialization complete","pid":83734,"service":"sentia-manufacturing","timestamp":"2025-09-21 05:05:56","version":"1.0.5"}
{"correlationId":"672a0a64-cd0a-47ac-8d59-348b3e721d51","environment":"development","hostname":"751a39de30ff","level":"\u001b[32minfo\u001b[39m","message":"Applying enterprise middleware","pid":83734,"service":"sentia-manufacturing","timestamp":"2025-09-21 05:05:56","version":"1.0.5"}
{"correlationId":"eee3587d-287e-4222-82e4-227b88cf52d6","environment":"development","hostname":"751a39de30ff","level":"\u001b[32minfo\u001b[39m","message":"✅ Request logging middleware applied","pid":83734,"service":"sentia-manufacturing","timestamp":"2025-09-21 05:05:56","version":"1.0.5"}
{"correlationId":"0a68a761-2c07-40b6-92f2-1d722b3019ae","environment":"development","hostname":"751a39de30ff","level":"\u001b[32minfo\u001b[39m","message":"✅ Performance tracking middleware applied","pid":83734,"service":"sentia-manufacturing","timestamp":"2025-09-21 05:05:56","version":"1.0.5"}
{"correlationId":"1c7ca5cc-950a-4394-84cf-c90f8da1107a","environment":"development","hostname":"751a39de30ff","level":"\u001b[32minfo\u001b[39m","message":"✅ API rate limiting applied","pid":83734,"service":"sentia-manufacturing","timestamp":"2025-09-21 05:05:56","version":"1.0.5"}
{"correlationId":"2b51337a-9e8a-4ce4-b1ca-fe79b454f819","environment":"development","hostname":"751a39de30ff","level":"\u001b[32minfo\u001b[39m","message":"✅ Auth rate limiting applied","pid":83734,"service":"sentia-manufacturing","timestamp":"2025-09-21 05:05:56","version":"1.0.5"}
{"correlationId":"8392ef4c-2fd5-4fe9-a2e1-f696d96df686","environment":"development","hostname":"751a39de30ff","level":"\u001b[32minfo\u001b[39m","message":"✅ Cache middleware applied","pid":83734,"service":"sentia-manufacturing","timestamp":"2025-09-21 05:05:56","version":"1.0.5"}
{"correlationId":"7a8a1559-6939-414b-99d4-ba88ef8c5537","environment":"development","hostname":"751a39de30ff","level":"\u001b[32minfo\u001b[39m","message":"✅ Error logging middleware applied","pid":83734,"service":"sentia-manufacturing","timestamp":"2025-09-21 05:05:56","version":"1.0.5"}
{"correlationId":"07f316b9-33b1-4d07-981a-6a21b9321acf","environment":"development","hostname":"751a39de30ff","level":"\u001b[32minfo\u001b[39m","message":"All enterprise middleware applied successfully","pid":83734,"service":"sentia-manufacturing","timestamp":"2025-09-21 05:05:56","version":"1.0.5"}
{"correlationId":"cbeb54e1-8dc3-4563-9f45-c2bd44296ac5","environment":"development","hostname":"751a39de30ff","level":"\u001b[32minfo\u001b[39m","message":"Logger initialized","pid":85305,"service":"sentia-manufacturing","timestamp":"2025-09-21 05:10:16","transports":["console","dailyRotateFile","dailyRotateFile",null,null],"version":"1.0.5"}
{"correlationId":"c228b322-dec0-4ecf-bbd1-3503d40ad99b","hostname":"751a39de30ff","level":"\u001b[32minfo\u001b[39m","message":"Starting Sentia Manufacturing Dashboard - Enterprise Edition","pid":85305,"port":5000,"render":false,"service":"sentia-manufacturing","timestamp":"2025-09-21 05:10:17","version":"1.0.5"}
{"correlationId":"51eaa16b-af5c-4f04-ad1b-26e2847eab33","environment":"development","hostname":"751a39de30ff","level":"\u001b[32minfo\u001b[39m","message":"Rate limiting middleware applied","pid":85305,"service":"sentia-manufacturing","timestamp":"2025-09-21 05:10:17","version":"1.0.5"}
{"correlationId":"eb6a5a91-e2eb-4410-b71b-559291c1c1a4","environment":"development","hostname":"751a39de30ff","level":"\u001b[32minfo\u001b[39m","message":"Cache middleware applied","pid":85305,"service":"sentia-manufacturing","timestamp":"2025-09-21 05:10:17","version":"1.0.5"}
{"correlationId":"2fc3b20e-888f-4784-afbe-f2d86bdd000d","environment":"development","hostname":"751a39de30ff","level":"\u001b[32minfo\u001b[39m","message":"✅ Enterprise health endpoint created","pid":85305,"service":"sentia-manufacturing","timestamp":"2025-09-21 05:10:17","version":"1.0.5"}
{"correlationId":"87c63c9e-de19-474e-82bf-bba30dfe67b2","environment":"development","hostname":"751a39de30ff","level":"\u001b[32minfo\u001b[39m","message":"✅ Metrics endpoint created","pid":85305,"service":"sentia-manufacturing","timestamp":"2025-09-21 05:10:17","version":"1.0.5"}
{"correlationId":"d5743110-0c31-4e59-8aa8-72c502de4d86","hostname":"751a39de30ff","level":"\u001b[32minfo\u001b[39m","message":"Initializing Enterprise Services","pid":85305,"service":"sentia-manufacturing","timestamp":"2025-09-21 05:10:17","version":"1.0.5"}
{"correlationId":"ad6f9241-810c-4008-bc0b-e13d7b39d00e","environment":"development","hostname":"751a39de30ff","level":"\u001b[32minfo\u001b[39m","message":"Cache manager initialized","pid":85305,"service":"sentia-manufacturing","timestamp":"2025-09-21 05:10:17","version":"1.0.5"}
{"correlationId":"a3387763-9315-4745-b7ec-82331a757614","environment":"development","hostname":"751a39de30ff","level":"\u001b[32minfo\u001b[39m","message":"✅ Cache manager initialized","pid":85305,"service":"sentia-manufacturing","timestamp":"2025-09-21 05:10:17","version":"1.0.5"}
{"correlationId":"aab18bcf-2b9f-47b9-adb8-4325bea7204b","environment":"development","hostname":"751a39de30ff","level":"\u001b[32minfo\u001b[39m","message":"Rate limiter initialized","pid":85305,"service":"sentia-manufacturing","timestamp":"2025-09-21 05:10:17","version":"1.0.5"}
{"correlationId":"c15cec96-aba8-4f8f-a551-4f1692b4d881","environment":"development","hostname":"751a39de30ff","level":"\u001b[32minfo\u001b[39m","message":"✅ Rate limiter initialized","pid":85305,"service":"sentia-manufacturing","timestamp":"2025-09-21 05:10:17","version":"1.0.5"}
{"correlationId":"6b5d2e2a-743c-49fe-8499-2fdde6bf85b5","environment":"development","hostname":"751a39de30ff","level":"\u001b[32minfo\u001b[39m","message":"Feature flags initialized","pid":85305,"service":"sentia-manufacturing","timestamp":"2025-09-21 05:10:17","version":"1.0.5"}
{"correlationId":"c33861f5-8f97-4f17-b1b1-ece81ef5fb3f","environment":"development","hostname":"751a39de30ff","level":"\u001b[32minfo\u001b[39m","message":"Performance monitoring started","pid":85305,"service":"sentia-manufacturing","timestamp":"2025-09-21 05:10:17","version":"1.0.5"}
{"correlationId":"2007e766-e3b6-4413-bada-96b24af767bb","environment":"development","hostname":"751a39de30ff","level":"\u001b[32minfo\u001b[39m","message":"All enterprise services initialized successfully","pid":85305,"service":"sentia-manufacturing","timestamp":"2025-09-21 05:10:17","version":"1.0.5"}
{"correlationId":"3e801106-892f-4cca-a3c3-e03826e40e58","environment":"development","hostname":"751a39de30ff","level":"\u001b[32minfo\u001b[39m","message":"✅ Feature flags initialized","pid":85305,"service":"sentia-manufacturing","timestamp":"2025-09-21 05:10:17","version":"1.0.5"}
{"correlationId":"5dc9b3d4-f811-42ea-8f1e-3903bb157fb6","environment":"development","hostname":"751a39de30ff","level":"\u001b[32minfo\u001b[39m","message":"✅ Performance monitoring started","pid":85305,"service":"sentia-manufacturing","timestamp":"2025-09-21 05:10:17","version":"1.0.5"}
{"correlationId":"66b12e3c-378f-4309-802e-0672433a7c9e","environment":"development","failed":[],"hostname":"751a39de30ff","initialized":["cache","rateLimiter","featureFlags","performanceMonitor"],"level":"\u001b[32minfo\u001b[39m","message":"Enterprise services initialization complete","pid":85305,"service":"sentia-manufacturing","timestamp":"2025-09-21 05:10:17","version":"1.0.5"}
{"correlationId":"9804cbe0-8f10-4ac9-a6f1-9e2055a71317","environment":"development","hostname":"751a39de30ff","level":"\u001b[32minfo\u001b[39m","message":"Applying enterprise middleware","pid":85305,"service":"sentia-manufacturing","timestamp":"2025-09-21 05:10:17","version":"1.0.5"}
{"correlationId":"110506b3-244f-459b-81fe-2b18baa30997","environment":"development","hostname":"751a39de30ff","level":"\u001b[32minfo\u001b[39m","message":"✅ Request logging middleware applied","pid":85305,"service":"sentia-manufacturing","timestamp":"2025-09-21 05:10:17","version":"1.0.5"}
{"correlationId":"8b0cecdb-77cd-49d5-b44c-e2478e2e38cf","environment":"development","hostname":"751a39de30ff","level":"\u001b[32minfo\u001b[39m","message":"✅ Performance tracking middleware applied","pid":85305,"service":"sentia-manufacturing","timestamp":"2025-09-21 05:10:17","version":"1.0.5"}
{"correlationId":"6c7aeea8-fc82-4275-b921-edaaaae9e57c","environment":"development","hostname":"751a39de30ff","level":"\u001b[32minfo\u001b[39m","message":"✅ API rate limiting applied","pid":85305,"service":"sentia-manufacturing","timestamp":"2025-09-21 05:10:17","version":"1.0.5"}
{"correlationId":"226b239f-2323-449a-9f88-a3b2595bd7ef","environment":"development","hostname":"751a39de30ff","level":"\u001b[32minfo\u001b[39m","message":"✅ Auth rate limiting applied","pid":85305,"service":"sentia-manufacturing","timestamp":"2025-09-21 05:10:17","version":"1.0.5"}
{"correlationId":"94e19e19-4fc5-44b0-ba87-5f4b6964d207","environment":"development","hostname":"751a39de30ff","level":"\u001b[32minfo\u001b[39m","message":"✅ Cache middleware applied","pid":85305,"service":"sentia-manufacturing","timestamp":"2025-09-21 05:10:17","version":"1.0.5"}
{"correlationId":"3cdde032-8ae7-4b71-8122-5a839ff901a5","environment":"development","hostname":"751a39de30ff","level":"\u001b[32minfo\u001b[39m","message":"✅ Error logging middleware applied","pid":85305,"service":"sentia-manufacturing","timestamp":"2025-09-21 05:10:17","version":"1.0.5"}
{"correlationId":"1de2fca0-a6ab-49f3-9ed5-a48f9c422458","environment":"development","hostname":"751a39de30ff","level":"\u001b[32minfo\u001b[39m","message":"All enterprise middleware applied successfully","pid":85305,"service":"sentia-manufacturing","timestamp":"2025-09-21 05:10:17","version":"1.0.5"}
{"correlationId":"d8d11e48-8b8c-4b35-9e4d-b56a424a8dc5","environment":"development","hostname":"751a39de30ff","level":"\u001b[32minfo\u001b[39m","message":"Shutting down enterprise services","pid":85305,"service":"sentia-manufacturing","timestamp":"2025-09-21 06:06:35","version":"1.0.5"}
